<?xml version="1.0" encoding="UTF-8"?>
<testsuite xmlns:xsi="http://www.w3.org/2001/XMLSchema-instance" xsi:schemaLocation="https://maven.apache.org/surefire/maven-surefire-plugin/xsd/surefire-test-report.xsd" name="TestSuite" time="18.058" tests="1" errors="0" skipped="0" failures="1">
  <properties>
[...]
</properties>
  <testcase name="testing001" classname="com.morningstar.Definition.TestScenario001" time="5.057">
    <failure message="Failed To Click On Continue Btn on GoogleHomePage page" type="com.morningstar.Exceptions.UnsucessfulServiceException">com.morningstar.Exceptions.UnsucessfulServiceException: Failed To Click On Continue Btn on GoogleHomePage page
	at com.morningstar.Definition.TestScenario001.testing001(TestScenario001.java:46)
Caused by: com.morningstar.Exceptions.ElementNotLoadedInSpecifiedTimeException: Element Continue Btn was not loaded in specified timeout of 5 seconds kindly refer attached screenshot for more clearification
	at com.morningstar.Definition.TestScenario001.testing001(TestScenario001.java:46)
Caused by: org.openqa.selenium.TimeoutException: 
Timed out after 5 seconds waiting for com.morningstar.Framework.WebDriverService$3@3235541d
Build info: version: '2.47.0', revision: '0e4837e94b1fad0db93e88cd972ed3e235a22892', time: '2015-07-29 15:58:41'
System info: host: 'IN-6CJQ6C2', ip: '10.90.14.89', os.name: 'Windows 7', os.arch: 'amd64', os.version: '6.1', java.version: '1.7.0_80'
Session ID: 0cfe561f-c6ce-4903-910e-eed82ab05fb0
Driver info: org.openqa.selenium.firefox.FirefoxDriver
Capabilities [{platform=WINDOWS, acceptSslCerts=true, javascriptEnabled=true, cssSelectorsEnabled=true, databaseEnabled=true, browserName=firefox, handlesAlerts=true, nativeEvents=false, webStorageEnabled=true, rotatable=false, locationContextEnabled=true, applicationCacheEnabled=true, takesScreenshot=true, version=42.0}]
	at com.morningstar.Definition.TestScenario001.testing001(TestScenario001.java:46)
</failure>
  </testcase>
</testsuite>